0 info it worked if it ends with ok
1 verbose cli [ '/home/ubuntu/.nvm/versions/node/v4.5.0/bin/node',
1 verbose cli   '/home/ubuntu/.nvm/versions/node/v4.5.0/bin/npm',
1 verbose cli   'publish' ]
2 info using npm@2.15.9
3 info using node@v4.5.0
4 verbose publish [ '.' ]
5 silly cache add args [ '.', null ]
6 verbose cache add spec .
7 silly cache add parsed spec Result {
7 silly cache add   raw: '.',
7 silly cache add   scope: null,
7 silly cache add   name: null,
7 silly cache add   rawSpec: '.',
7 silly cache add   spec: '/home/ubuntu/workspace/nueva-funcionalidad-para-el-paquete-npm-plugins-merquililycony',
7 silly cache add   type: 'directory' }
8 verbose addLocalDirectory /home/ubuntu/.npm/nueva-funcionalidad-para-el-paquete-npm-merquililycony/1.0.7/package.tgz not in flight; packing
9 verbose correctMkdir /home/ubuntu/.npm correctMkdir not in flight; initializing
10 verbose tar pack [ '/home/ubuntu/.npm/nueva-funcionalidad-para-el-paquete-npm-merquililycony/1.0.7/package.tgz',
10 verbose tar pack   '/home/ubuntu/workspace/nueva-funcionalidad-para-el-paquete-npm-plugins-merquililycony' ]
11 verbose tarball /home/ubuntu/.npm/nueva-funcionalidad-para-el-paquete-npm-merquililycony/1.0.7/package.tgz
12 verbose folder /home/ubuntu/workspace/nueva-funcionalidad-para-el-paquete-npm-plugins-merquililycony
13 info prepublish nueva-funcionalidad-para-el-paquete-npm-merquililycony@1.0.7
14 verbose addLocalTarball adding from inside cache /home/ubuntu/.npm/nueva-funcionalidad-para-el-paquete-npm-merquililycony/1.0.7/package.tgz
15 verbose correctMkdir /home/ubuntu/.npm correctMkdir not in flight; initializing
16 silly cache afterAdd nueva-funcionalidad-para-el-paquete-npm-merquililycony@1.0.7
17 verbose afterAdd /home/ubuntu/.npm/nueva-funcionalidad-para-el-paquete-npm-merquililycony/1.0.7/package/package.json not in flight; writing
18 verbose correctMkdir /home/ubuntu/.npm correctMkdir not in flight; initializing
19 verbose afterAdd /home/ubuntu/.npm/nueva-funcionalidad-para-el-paquete-npm-merquililycony/1.0.7/package/package.json written
20 silly publish { name: 'nueva-funcionalidad-para-el-paquete-npm-merquililycony',
20 silly publish   version: '1.0.7',
20 silly publish   main: 'gitbook-start.js',
20 silly publish   bin: { 'gitbook-start': './bin/gitbook-start.js' },
20 silly publish   scripts:
20 silly publish    { 'generate-gitbook': './scripts/losh generate-gitbook',
20 silly publish      'generate-wiki': './scripts/losh generate-wiki',
20 silly publish      build: 'npm install && npm i gitbook-cli && npm run generate-gitbook && npm run generate-wiki',
20 silly publish      'deploy-gitbook': './scripts/losh deploy-gitbook',
20 silly publish      'deploy-wiki': './scripts/losh deploy-wiki',
20 silly publish      deploy: 'npm run build && npm run deploy-gitbook && npm run deploy-wiki',
20 silly publish      version: './scripts/losh version',
20 silly publish      test: 'echo "Error: no test specified" && exit 1' },
20 silly publish   repository:
20 silly publish    { type: 'git',
20 silly publish      url: 'git+https://github.com/ULL-ESIT-SYTW-1617/nueva-funcionalidad-para-el-paquete-npm-plugins-merquililycony.git',
20 silly publish      wiki: 'https://github.com/ULL-ESIT-SYTW-1617/nueva-funcionalidad-para-el-paquete-npm-plugins-merquililycony.wiki.git' },
20 silly publish   keywords: [ 'gitbook', 'boilerplate', 'starter' ],
20 silly publish   author: { name: 'Merquis-Lili-Cony' },
20 silly publish   license: 'MIT',
20 silly publish   contributors:
20 silly publish    [ { name: 'Merquis', email: 'alu0100536690@ull.edu.es' },
20 silly publish      { name: 'Liliana', email: 'alu0100762846@ull.edu.es' },
20 silly publish      { name: 'Constanza', email: 'alu0100673647@ull.edu.es' } ],
20 silly publish   bugs: { url: 'https://github.com/ULL-ESIT-SYTW-1617/nueva-funcionalidad-para-el-paquete-npm-plugins-merquililycony/issues' },
20 silly publish   homepage: 'https://github.com/ULL-ESIT-SYTW-1617/nueva-funcionalidad-para-el-paquete-npm-plugins-merquililycony#readme',
20 silly publish   engines: { node: '^4.5.0' },
20 silly publish   dependencies:
20 silly publish    { ejs: '^2.5.2',
20 silly publish      'fs-extra': '^0.30.0',
20 silly publish      'gh-pages': '^0.11.0',
20 silly publish      'git-config': '^0.0.7',
20 silly publish      'gitbook-start-iaas-ull-es-merquililycony': '^1.0.8',
20 silly publish      gulp: '^3.9.1',
20 silly publish      'gulp-git': '^1.11.3',
20 silly publish      'gulp-install': '^0.6.0',
20 silly publish      'gulp-run': '^1.7.1',
20 silly publish      'gulp-shell': '^0.5.2',
20 silly publish      minimist: '^1.2.0',
20 silly publish      'simple-git': '^1.54.0',
20 silly publish      'ssh-exec': '^2.0.0' },
20 silly publish   readme: '# Práctica 4 : Nueva funcionalidad para el Paquete NPM: plugins \n\n# Objetivo:\n*El objetivo de esta práctica es extender el package NodeJS publicado en npm en una práctica anterior con una nueva*\n*funcionalidad que permita que los usuarios con conocimientos de NodeJS puedan extender la conducta del ejecutable*\n*para que este realice el despliegue en plataformas distintas de las ya consideradas.*\n\n\n[Plugin: gitbook-start-iaas-ull-es-merquililycony](https://github.com/ULL-ESIT-SYTW-1617/gitbook-start-iaas-ull-es-merquililycony)\n\n[Plugin: gitbook-start-heroku-merquililycony](https://github.com/ULL-ESIT-SYTW-1617/gitbook-start-heroku-merquililycony)\n\n1- Descargamos el paquete inicial: **nueva-funcionalidad-para-el-paquete-npm-merquililycony**\n    \n```bash\n$ npm install -g nueva-funcionalidad-para-el-paquete-npm-merquililycony\n```\n\n2- Creamos el libro :\n    \n```bash\n$ gitbook-start -d <directorio> --autor <autor> --name <nombre_libro> --url <url_repo>\n```\n\nOpciones disponibles para la creación del libro:\n    \n    -d o --directorio <directorio en el que se desplegará el libro>\n    \n    --autor <autor del libro>\n    \n    --name  <nombre del libro>\n    \n    --url <url del repositorio en github>\n\n    --help \n    \n    --version\n\n3- Nos colocamos en la carpeta que contiene el libro.\n\n```bash\n$ cd <directorio>\n```\n\n4- Instalamos las dependencias necesarias:\n    \n```bash\n$ npm install \n```\n\n5- Instalamos los plugins necesarios como dependendecias utilizando para ello la opción --save para iaas o heroku:\n    \n```bash\n$ npm install --save gitbook-start-iaas-ull-es-merquililycony\n```\n\n```bash\n$ npm install --save gitbook-start-heroku-merquililycony\n```\n\n6-Actualizar nuestro repositorio : **gulp push --mensaje <mensaje commit>**.\n\n\n7- Ejecutamos --deploy especificando la máquina remota dónde se realizara el despliegue:\n   \n```bash\n$ gitbook-start --deploy heroku [Opciones] (si despleguamos en heroku)\n\n$ gitbook-start --deploy iaas-ull-es [Opciones] (si despleguamos en Iaas)\n```\n\nNOTA : Después de ejecutar lo anterior, en el gulpfile.js se generará de manera automatica una tarea llamada\n"deploy-<máquina en la que realizar el despliegue>", esta tarea nos permite actualizar el contenido de la maquitna.\n\n\n## Enlaces :\n\n **Enlace al campus virtual**\n\n * [Enunciado](https://casianorodriguezleon.gitbooks.io/ull-esit-1617/content/practicas/practicaplugin.html)\n\n **Repositorio GitHuB donde se realizó la práctica**\n\n * [Organización](https://github.com/ULL-ESIT-SYTW-1617/nueva-funcionalidad-para-el-paquete-npm-plugins-merquililycony/)\n\n **Enlace a Gh-pages**\n\n * [gh-pages](https://ull-esit-sytw-1617.github.io/nueva-funcionalidad-para-el-paquete-npm-plugins-merquililycony/)\n\n * [npm](https://www.npmjs.com/package/nueva-funcionalidad-para-el-paquete-npm-merquililycony)\n\n **Página de los autores**\n\n * [Constanza](http://alu0100673647.github.io)\n * [Merquis](http://merquis.github.io)\n * [Liliana](https://alu0100762846.github.io)\n',
20 silly publish   readmeFilename: 'README.md',
20 silly publish   gitHead: 'df91974dc60dfed651940f72b88c87083097a3c4',
20 silly publish   description: '# Objetivo: *El objetivo de esta práctica es extender el package NodeJS publicado en npm en una práctica anterior con una nueva* *funcionalidad que permita que los usuarios con conocimientos de NodeJS puedan extender la conducta del ejecutable* *para que este realice el despliegue en plataformas distintas de las ya consideradas.*',
20 silly publish   _id: 'nueva-funcionalidad-para-el-paquete-npm-merquililycony@1.0.7',
20 silly publish   _shasum: '54d3929e674d3f19a2a163b27a44e2b0eb4be83c',
20 silly publish   _from: '.' }
21 verbose getPublishConfig undefined
22 silly mapToRegistry name nueva-funcionalidad-para-el-paquete-npm-merquililycony
23 silly mapToRegistry using default registry
24 silly mapToRegistry registry https://registry.npmjs.org/
25 silly mapToRegistry data Result {
25 silly mapToRegistry   raw: 'nueva-funcionalidad-para-el-paquete-npm-merquililycony',
25 silly mapToRegistry   scope: null,
25 silly mapToRegistry   name: 'nueva-funcionalidad-para-el-paquete-npm-merquililycony',
25 silly mapToRegistry   rawSpec: '',
25 silly mapToRegistry   spec: 'latest',
25 silly mapToRegistry   type: 'tag' }
26 silly mapToRegistry uri https://registry.npmjs.org/nueva-funcionalidad-para-el-paquete-npm-merquililycony
27 verbose publish registryBase https://registry.npmjs.org/
28 silly publish uploading /home/ubuntu/.npm/nueva-funcionalidad-para-el-paquete-npm-merquililycony/1.0.7/package.tgz
29 verbose request uri https://registry.npmjs.org/nueva-funcionalidad-para-el-paquete-npm-merquililycony
30 verbose request sending authorization for write operation
31 info attempt registry request try #1 at 6:01:29 PM
32 verbose request using bearer token for auth
33 verbose request id bd2596f2a7fe43a9
34 http request PUT https://registry.npmjs.org/nueva-funcionalidad-para-el-paquete-npm-merquililycony
35 http 403 https://registry.npmjs.org/nueva-funcionalidad-para-el-paquete-npm-merquililycony
36 verbose headers { 'content-type': 'application/json',
36 verbose headers   'cache-control': 'max-age=300',
36 verbose headers   'content-length': '95',
36 verbose headers   'accept-ranges': 'bytes',
36 verbose headers   date: 'Fri, 11 Nov 2016 18:01:30 GMT',
36 verbose headers   via: '1.1 varnish',
36 verbose headers   connection: 'keep-alive',
36 verbose headers   'x-served-by': 'cache-lhr6329-LHR',
36 verbose headers   'x-cache': 'MISS',
36 verbose headers   'x-cache-hits': '0',
36 verbose headers   'x-timer': 'S1478887289.569488,VS0,VE1002',
36 verbose headers   vary: 'Accept-Encoding' }
37 verbose request invalidating /home/ubuntu/.npm/registry.npmjs.org/nueva-funcionalidad-para-el-paquete-npm-merquililycony on PUT
38 error publish Failed PUT 403
39 verbose stack Error: "You cannot publish over the previously published version 1.0.7." : nueva-funcionalidad-para-el-paquete-npm-merquililycony
39 verbose stack     at makeError (/home/ubuntu/.nvm/versions/node/v4.5.0/lib/node_modules/npm/node_modules/npm-registry-client/lib/request.js:264:12)
39 verbose stack     at CachingRegistryClient.<anonymous> (/home/ubuntu/.nvm/versions/node/v4.5.0/lib/node_modules/npm/node_modules/npm-registry-client/lib/request.js:252:14)
39 verbose stack     at Request._callback (/home/ubuntu/.nvm/versions/node/v4.5.0/lib/node_modules/npm/node_modules/npm-registry-client/lib/request.js:172:14)
39 verbose stack     at Request.self.callback (/home/ubuntu/.nvm/versions/node/v4.5.0/lib/node_modules/npm/node_modules/request/request.js:200:22)
39 verbose stack     at emitTwo (events.js:87:13)
39 verbose stack     at Request.emit (events.js:172:7)
39 verbose stack     at Request.<anonymous> (/home/ubuntu/.nvm/versions/node/v4.5.0/lib/node_modules/npm/node_modules/request/request.js:1067:10)
39 verbose stack     at emitOne (events.js:82:20)
39 verbose stack     at Request.emit (events.js:169:7)
39 verbose stack     at IncomingMessage.<anonymous> (/home/ubuntu/.nvm/versions/node/v4.5.0/lib/node_modules/npm/node_modules/request/request.js:988:12)
40 verbose statusCode 403
41 verbose pkgid nueva-funcionalidad-para-el-paquete-npm-merquililycony
42 verbose cwd /home/ubuntu/workspace/nueva-funcionalidad-para-el-paquete-npm-plugins-merquililycony
43 error Linux 4.2.0-c9
44 error argv "/home/ubuntu/.nvm/versions/node/v4.5.0/bin/node" "/home/ubuntu/.nvm/versions/node/v4.5.0/bin/npm" "publish"
45 error node v4.5.0
46 error npm  v2.15.9
47 error code E403
48 error "You cannot publish over the previously published version 1.0.7." : nueva-funcionalidad-para-el-paquete-npm-merquililycony
49 error If you need help, you may report this error at:
49 error     <https://github.com/npm/npm/issues>
50 verbose exit [ 1, true ]
